<?xml version="1.0" encoding="UTF-8"?>
<testng-results skipped="0" failed="0" ignored="0" total="18" passed="18">
  <reporter-output>
  </reporter-output>
  <suite name="Surefire suite" duration-ms="61" started-at="2019-08-22T11:16:10 UTC" finished-at="2019-08-22T11:16:10 UTC">
    <groups>
    </groups>
    <test name="Surefire test" duration-ms="61" started-at="2019-08-22T11:16:10 UTC" finished-at="2019-08-22T11:16:10 UTC">
      <class name="com.example.demo.test.SeriesReducerTest">
        <test-method status="PASS" signature="shouldReduceSeries(java.util.List, double, java.util.List)[pri:0, instance:com.example.demo.test.SeriesReducerTest@68c4039c]" name="shouldReduceSeries" duration-ms="0" started-at="2019-08-22T11:16:10 UTC" data-provider="series" finished-at="2019-08-22T11:16:10 UTC">
          <params>
            <param index="0">
              <value>
                <![CDATA[[[1.0, 1.0], [2.0, 1.1], [3.0, 0.9], [4.0, 1.0]]]]>
              </value>
            </param>
            <param index="1">
              <value>
                <![CDATA[0.2]]>
              </value>
            </param>
            <param index="2">
              <value>
                <![CDATA[[[1.0, 1.0], [4.0, 1.0]]]]>
              </value>
            </param>
          </params>
          <reporter-output>
          </reporter-output>
        </test-method> <!-- shouldReduceSeries -->
        <test-method status="PASS" signature="shouldReduceSeries(java.util.List, double, java.util.List)[pri:0, instance:com.example.demo.test.SeriesReducerTest@68c4039c]" name="shouldReduceSeries" duration-ms="0" started-at="2019-08-22T11:16:10 UTC" data-provider="series" finished-at="2019-08-22T11:16:10 UTC">
          <params>
            <param index="0">
              <value>
                <![CDATA[[[1.0, 1.0], [2.0, 1.1], [3.0, 1.2], [4.0, 1.1], [5.0, 1.0]]]]>
              </value>
            </param>
            <param index="1">
              <value>
                <![CDATA[0.1]]>
              </value>
            </param>
            <param index="2">
              <value>
                <![CDATA[[[1.0, 1.0], [3.0, 1.2], [5.0, 1.0]]]]>
              </value>
            </param>
          </params>
          <reporter-output>
          </reporter-output>
        </test-method> <!-- shouldReduceSeries -->
        <test-method status="PASS" signature="shouldReduceSeries(java.util.List, double, java.util.List)[pri:0, instance:com.example.demo.test.SeriesReducerTest@68c4039c]" name="shouldReduceSeries" duration-ms="0" started-at="2019-08-22T11:16:10 UTC" data-provider="series" finished-at="2019-08-22T11:16:10 UTC">
          <params>
            <param index="0">
              <value>
                <![CDATA[[[1.0, 1.0], [2.0, 1.1], [3.0, 0.9], [4.0, 1.0]]]]>
              </value>
            </param>
            <param index="1">
              <value>
                <![CDATA[0.05]]>
              </value>
            </param>
            <param index="2">
              <value>
                <![CDATA[[[1.0, 1.0], [2.0, 1.1], [3.0, 0.9], [4.0, 1.0]]]]>
              </value>
            </param>
          </params>
          <reporter-output>
          </reporter-output>
        </test-method> <!-- shouldReduceSeries -->
        <test-method status="PASS" signature="shouldReduceSeries(java.util.List, double, java.util.List)[pri:0, instance:com.example.demo.test.SeriesReducerTest@68c4039c]" name="shouldReduceSeries" duration-ms="5" started-at="2019-08-22T11:16:10 UTC" data-provider="series" finished-at="2019-08-22T11:16:10 UTC">
          <params>
            <param index="0">
              <value>
                <![CDATA[zig-zag 101]]>
              </value>
            </param>
            <param index="1">
              <value>
                <![CDATA[0.1]]>
              </value>
            </param>
            <param index="2">
              <value>
                <![CDATA[zig-zag 101]]>
              </value>
            </param>
          </params>
          <reporter-output>
          </reporter-output>
        </test-method> <!-- shouldReduceSeries -->
        <test-method status="PASS" signature="shouldReduceSeries(java.util.List, double, java.util.List)[pri:0, instance:com.example.demo.test.SeriesReducerTest@68c4039c]" name="shouldReduceSeries" duration-ms="0" started-at="2019-08-22T11:16:10 UTC" data-provider="series" finished-at="2019-08-22T11:16:10 UTC">
          <params>
            <param index="0">
              <value>
                <![CDATA[zig-zag 101]]>
              </value>
            </param>
            <param index="1">
              <value>
                <![CDATA[1.0]]>
              </value>
            </param>
            <param index="2">
              <value>
                <![CDATA[[[0.0, 0.0], [100.0, 0.0]]]]>
              </value>
            </param>
          </params>
          <reporter-output>
          </reporter-output>
        </test-method> <!-- shouldReduceSeries -->
        <test-method status="PASS" signature="shouldValidateEpsilon(double)[pri:0, instance:com.example.demo.test.SeriesReducerTest@68c4039c]" name="shouldValidateEpsilon" duration-ms="0" started-at="2019-08-22T11:16:10 UTC" data-provider="invalidEpsilon" finished-at="2019-08-22T11:16:10 UTC">
          <params>
            <param index="0">
              <value>
                <![CDATA[-0.1]]>
              </value>
            </param>
          </params>
          <exception class="java.lang.IllegalArgumentException">
            <message>
              <![CDATA[Epsilon cannot be less then 0.]]>
            </message>
            <full-stacktrace>
              <![CDATA[java.lang.IllegalArgumentException: Epsilon cannot be less then 0.
at com.example.demo.controller.SeriesReducer.reduce(SeriesReducer.java:21)
at com.example.demo.test.SeriesReducerTest.shouldValidateEpsilon(SeriesReducerTest.java:66)
at sun.reflect.NativeMethodAccessorImpl.invoke0(Native Method)
at sun.reflect.NativeMethodAccessorImpl.invoke(NativeMethodAccessorImpl.java:62)
at sun.reflect.DelegatingMethodAccessorImpl.invoke(DelegatingMethodAccessorImpl.java:43)
at java.lang.reflect.Method.invoke(Method.java:498)
at org.testng.internal.MethodInvocationHelper.invokeMethod(MethodInvocationHelper.java:133)
at org.testng.internal.TestInvoker.invokeMethod(TestInvoker.java:584)
at org.testng.internal.TestInvoker.invokeTestMethod(TestInvoker.java:172)
at org.testng.internal.MethodRunner.runInSequence(MethodRunner.java:46)
at org.testng.internal.TestInvoker$MethodInvocationAgent.invoke(TestInvoker.java:804)
at org.testng.internal.TestInvoker.invokeTestMethods(TestInvoker.java:145)
at org.testng.internal.TestMethodWorker.invokeTestMethods(TestMethodWorker.java:146)
at org.testng.internal.TestMethodWorker.run(TestMethodWorker.java:128)
at java.util.ArrayList.forEach(ArrayList.java:1257)
at org.testng.TestRunner.privateRun(TestRunner.java:770)
at org.testng.TestRunner.run(TestRunner.java:591)
at org.testng.SuiteRunner.runTest(SuiteRunner.java:402)
at org.testng.SuiteRunner.runSequentially(SuiteRunner.java:396)
at org.testng.SuiteRunner.privateRun(SuiteRunner.java:355)
at org.testng.SuiteRunner.run(SuiteRunner.java:304)
at org.testng.SuiteRunnerWorker.runSuite(SuiteRunnerWorker.java:53)
at org.testng.SuiteRunnerWorker.run(SuiteRunnerWorker.java:96)
at org.testng.TestNG.runSuitesSequentially(TestNG.java:1180)
at org.testng.TestNG.runSuitesLocally(TestNG.java:1102)
at org.testng.TestNG.runSuites(TestNG.java:1032)
at org.testng.TestNG.run(TestNG.java:1000)
at org.apache.maven.surefire.testng.TestNGExecutor.run(TestNGExecutor.java:135)
at org.apache.maven.surefire.testng.TestNGDirectoryTestSuite.executeMulti(TestNGDirectoryTestSuite.java:193)
at org.apache.maven.surefire.testng.TestNGDirectoryTestSuite.execute(TestNGDirectoryTestSuite.java:94)
at org.apache.maven.surefire.testng.TestNGProvider.invoke(TestNGProvider.java:146)
at org.apache.maven.surefire.booter.ForkedBooter.invokeProviderInSameClassLoader(ForkedBooter.java:384)
at org.apache.maven.surefire.booter.ForkedBooter.runSuitesInProcess(ForkedBooter.java:345)
at org.apache.maven.surefire.booter.ForkedBooter.execute(ForkedBooter.java:126)
at org.apache.maven.surefire.booter.ForkedBooter.main(ForkedBooter.java:418)
]]>
            </full-stacktrace>
          </exception> <!-- java.lang.IllegalArgumentException -->
          <reporter-output>
          </reporter-output>
        </test-method> <!-- shouldValidateEpsilon -->
        <test-method status="PASS" signature="testAutomaticEpsilon(com.example.demo.test.skel.NamedArrayList)[pri:0, instance:com.example.demo.test.SeriesReducerTest@68c4039c]" name="testAutomaticEpsilon" duration-ms="1" started-at="2019-08-22T11:16:10 UTC" data-provider="automaticEpsilon" finished-at="2019-08-22T11:16:10 UTC">
          <params>
            <param index="0">
              <value>
                <![CDATA[y = 2*x + 1]]>
              </value>
            </param>
          </params>
          <reporter-output>
          </reporter-output>
        </test-method> <!-- testAutomaticEpsilon -->
        <test-method status="PASS" signature="shouldValidateEpsilon(double)[pri:0, instance:com.example.demo.test.SeriesReducerTest@68c4039c]" name="shouldValidateEpsilon" duration-ms="0" started-at="2019-08-22T11:16:10 UTC" data-provider="invalidEpsilon" finished-at="2019-08-22T11:16:10 UTC">
          <params>
            <param index="0">
              <value>
                <![CDATA[-2.0]]>
              </value>
            </param>
          </params>
          <exception class="java.lang.IllegalArgumentException">
            <message>
              <![CDATA[Epsilon cannot be less then 0.]]>
            </message>
            <full-stacktrace>
              <![CDATA[java.lang.IllegalArgumentException: Epsilon cannot be less then 0.
at com.example.demo.controller.SeriesReducer.reduce(SeriesReducer.java:21)
at com.example.demo.test.SeriesReducerTest.shouldValidateEpsilon(SeriesReducerTest.java:66)
at sun.reflect.NativeMethodAccessorImpl.invoke0(Native Method)
at sun.reflect.NativeMethodAccessorImpl.invoke(NativeMethodAccessorImpl.java:62)
at sun.reflect.DelegatingMethodAccessorImpl.invoke(DelegatingMethodAccessorImpl.java:43)
at java.lang.reflect.Method.invoke(Method.java:498)
at org.testng.internal.MethodInvocationHelper.invokeMethod(MethodInvocationHelper.java:133)
at org.testng.internal.TestInvoker.invokeMethod(TestInvoker.java:584)
at org.testng.internal.TestInvoker.invokeTestMethod(TestInvoker.java:172)
at org.testng.internal.MethodRunner.runInSequence(MethodRunner.java:46)
at org.testng.internal.TestInvoker$MethodInvocationAgent.invoke(TestInvoker.java:804)
at org.testng.internal.TestInvoker.invokeTestMethods(TestInvoker.java:145)
at org.testng.internal.TestMethodWorker.invokeTestMethods(TestMethodWorker.java:146)
at org.testng.internal.TestMethodWorker.run(TestMethodWorker.java:128)
at java.util.ArrayList.forEach(ArrayList.java:1257)
at org.testng.TestRunner.privateRun(TestRunner.java:770)
at org.testng.TestRunner.run(TestRunner.java:591)
at org.testng.SuiteRunner.runTest(SuiteRunner.java:402)
at org.testng.SuiteRunner.runSequentially(SuiteRunner.java:396)
at org.testng.SuiteRunner.privateRun(SuiteRunner.java:355)
at org.testng.SuiteRunner.run(SuiteRunner.java:304)
at org.testng.SuiteRunnerWorker.runSuite(SuiteRunnerWorker.java:53)
at org.testng.SuiteRunnerWorker.run(SuiteRunnerWorker.java:96)
at org.testng.TestNG.runSuitesSequentially(TestNG.java:1180)
at org.testng.TestNG.runSuitesLocally(TestNG.java:1102)
at org.testng.TestNG.runSuites(TestNG.java:1032)
at org.testng.TestNG.run(TestNG.java:1000)
at org.apache.maven.surefire.testng.TestNGExecutor.run(TestNGExecutor.java:135)
at org.apache.maven.surefire.testng.TestNGDirectoryTestSuite.executeMulti(TestNGDirectoryTestSuite.java:193)
at org.apache.maven.surefire.testng.TestNGDirectoryTestSuite.execute(TestNGDirectoryTestSuite.java:94)
at org.apache.maven.surefire.testng.TestNGProvider.invoke(TestNGProvider.java:146)
at org.apache.maven.surefire.booter.ForkedBooter.invokeProviderInSameClassLoader(ForkedBooter.java:384)
at org.apache.maven.surefire.booter.ForkedBooter.runSuitesInProcess(ForkedBooter.java:345)
at org.apache.maven.surefire.booter.ForkedBooter.execute(ForkedBooter.java:126)
at org.apache.maven.surefire.booter.ForkedBooter.main(ForkedBooter.java:418)
]]>
            </full-stacktrace>
          </exception> <!-- java.lang.IllegalArgumentException -->
          <reporter-output>
          </reporter-output>
        </test-method> <!-- shouldValidateEpsilon -->
        <test-method status="PASS" signature="testAutomaticEpsilon(com.example.demo.test.skel.NamedArrayList)[pri:0, instance:com.example.demo.test.SeriesReducerTest@68c4039c]" name="testAutomaticEpsilon" duration-ms="1" started-at="2019-08-22T11:16:10 UTC" data-provider="automaticEpsilon" finished-at="2019-08-22T11:16:10 UTC">
          <params>
            <param index="0">
              <value>
                <![CDATA[y = (x-3)*(x-5)*(x-7)]]>
              </value>
            </param>
          </params>
          <reporter-output>
          </reporter-output>
        </test-method> <!-- testAutomaticEpsilon -->
        <test-method status="PASS" signature="testAutomaticEpsilon(com.example.demo.test.skel.NamedArrayList)[pri:0, instance:com.example.demo.test.SeriesReducerTest@68c4039c]" name="testAutomaticEpsilon" duration-ms="0" started-at="2019-08-22T11:16:10 UTC" data-provider="automaticEpsilon" finished-at="2019-08-22T11:16:10 UTC">
          <params>
            <param index="0">
              <value>
                <![CDATA[y = cos(x^2 - 1)]]>
              </value>
            </param>
          </params>
          <reporter-output>
          </reporter-output>
        </test-method> <!-- testAutomaticEpsilon -->
        <test-method status="PASS" signature="testAutomaticEpsilon(com.example.demo.test.skel.NamedArrayList)[pri:0, instance:com.example.demo.test.SeriesReducerTest@68c4039c]" name="testAutomaticEpsilon" duration-ms="2" started-at="2019-08-22T11:16:10 UTC" data-provider="automaticEpsilon" finished-at="2019-08-22T11:16:10 UTC">
          <params>
            <param index="0">
              <value>
                <![CDATA[y = 10^6 * 0.9^x]]>
              </value>
            </param>
          </params>
          <reporter-output>
          </reporter-output>
        </test-method> <!-- testAutomaticEpsilon -->
      </class> <!-- com.example.demo.test.SeriesReducerTest -->
      <class name="com.example.demo.test.EpsilonHelperTest">
        <test-method status="PASS" signature="shouldCalculateAverage()[pri:0, instance:com.example.demo.test.EpsilonHelperTest@3532ec19]" name="shouldCalculateAverage" duration-ms="0" started-at="2019-08-22T11:16:10 UTC" finished-at="2019-08-22T11:16:10 UTC">
          <reporter-output>
          </reporter-output>
        </test-method> <!-- shouldCalculateAverage -->
        <test-method status="PASS" signature="shouldCalculateDeviations()[pri:0, instance:com.example.demo.test.EpsilonHelperTest@3532ec19]" name="shouldCalculateDeviations" duration-ms="0" started-at="2019-08-22T11:16:10 UTC" finished-at="2019-08-22T11:16:10 UTC">
          <reporter-output>
          </reporter-output>
        </test-method> <!-- shouldCalculateDeviations -->
        <test-method status="PASS" signature="shouldFindMaximum()[pri:0, instance:com.example.demo.test.EpsilonHelperTest@3532ec19]" name="shouldFindMaximum" duration-ms="0" started-at="2019-08-22T11:16:10 UTC" finished-at="2019-08-22T11:16:10 UTC">
          <reporter-output>
          </reporter-output>
        </test-method> <!-- shouldFindMaximum -->
      </class> <!-- com.example.demo.test.EpsilonHelperTest -->
      <class name="com.example.demo.test.LineTest">
        <test-method status="PASS" signature="shouldCalculateDistanceFromPointToLine(com.example.demo.model.Point, com.example.demo.model.Line, double)[pri:0, instance:com.example.demo.test.LineTest@26653222]" name="shouldCalculateDistanceFromPointToLine" duration-ms="5" started-at="2019-08-22T11:16:10 UTC" data-provider="pointsAndLines" finished-at="2019-08-22T11:16:10 UTC">
          <params>
            <param index="0">
              <value>
                <![CDATA[[1.0, 1.0]]]>
              </value>
            </param>
            <param index="1">
              <value>
                <![CDATA[com.example.demo.model.Line@d44fc21]]>
              </value>
            </param>
            <param index="2">
              <value>
                <![CDATA[1.0]]>
              </value>
            </param>
          </params>
          <reporter-output>
          </reporter-output>
        </test-method> <!-- shouldCalculateDistanceFromPointToLine -->
        <test-method status="PASS" signature="shouldCalculateDistanceFromPointToLine(com.example.demo.model.Point, com.example.demo.model.Line, double)[pri:0, instance:com.example.demo.test.LineTest@26653222]" name="shouldCalculateDistanceFromPointToLine" duration-ms="0" started-at="2019-08-22T11:16:10 UTC" data-provider="pointsAndLines" finished-at="2019-08-22T11:16:10 UTC">
          <params>
            <param index="0">
              <value>
                <![CDATA[[1.0, 1.0]]]>
              </value>
            </param>
            <param index="1">
              <value>
                <![CDATA[com.example.demo.model.Line@10bbd20a]]>
              </value>
            </param>
            <param index="2">
              <value>
                <![CDATA[1.0]]>
              </value>
            </param>
          </params>
          <reporter-output>
          </reporter-output>
        </test-method> <!-- shouldCalculateDistanceFromPointToLine -->
        <test-method status="PASS" signature="shouldCalculateDistanceFromPointToLine(com.example.demo.model.Point, com.example.demo.model.Line, double)[pri:0, instance:com.example.demo.test.LineTest@26653222]" name="shouldCalculateDistanceFromPointToLine" duration-ms="0" started-at="2019-08-22T11:16:10 UTC" data-provider="pointsAndLines" finished-at="2019-08-22T11:16:10 UTC">
          <params>
            <param index="0">
              <value>
                <![CDATA[[1.0, 1.0]]]>
              </value>
            </param>
            <param index="1">
              <value>
                <![CDATA[com.example.demo.model.Line@56aac163]]>
              </value>
            </param>
            <param index="2">
              <value>
                <![CDATA[1.4142135623730951]]>
              </value>
            </param>
          </params>
          <reporter-output>
          </reporter-output>
        </test-method> <!-- shouldCalculateDistanceFromPointToLine -->
        <test-method status="PASS" signature="shouldCalculateDistanceFromPointToLine(com.example.demo.model.Point, com.example.demo.model.Line, double)[pri:0, instance:com.example.demo.test.LineTest@26653222]" name="shouldCalculateDistanceFromPointToLine" duration-ms="0" started-at="2019-08-22T11:16:10 UTC" data-provider="pointsAndLines" finished-at="2019-08-22T11:16:10 UTC">
          <params>
            <param index="0">
              <value>
                <![CDATA[[0.0, 0.0]]]>
              </value>
            </param>
            <param index="1">
              <value>
                <![CDATA[com.example.demo.model.Line@5a1c0542]]>
              </value>
            </param>
            <param index="2">
              <value>
                <![CDATA[0.0]]>
              </value>
            </param>
          </params>
          <reporter-output>
          </reporter-output>
        </test-method> <!-- shouldCalculateDistanceFromPointToLine -->
      </class> <!-- com.example.demo.test.LineTest -->
    </test> <!-- Surefire test -->
  </suite> <!-- Surefire suite -->
</testng-results>
